::1 - - [17/Jan/2018:08:48:49 +0000] "GET /test/ HTTP/1.1" 200 147 "-" "Mozilla/5.0 (Windows NT 10.0; Win64; x64) AppleWebKit/537.36 (KHTML, like Gecko) Chrome/62.0.3202.94 Safari/537.36"
::1 - - [17/Jan/2018:11:16:00 +0000] "GET /test/ HTTP/1.1" 200 147 "-" "Mozilla/5.0 (Windows NT 10.0; Win64; x64) AppleWebKit/537.36 (KHTML, like Gecko) Chrome/62.0.3202.94 Safari/537.36"
::1 - - [17/Jan/2018:11:16:00 +0000] "GET /robots.txt HTTP/1.1" 404 1315 "-" "Mozilla/5.0 (Windows NT 10.0; Win64; x64) AppleWebKit/537.36 (KHTML, like Gecko) Chrome/62.0.3202.94 Safari/537.36"
::1 - - [17/Jan/2018:11:18:02 +0000] "GET / HTTP/1.1" 200 10 "-" "Mozilla/5.0 (Windows NT 10.0; Win64; x64) AppleWebKit/537.36 (KHTML, like Gecko) Chrome/62.0.3202.94 Safari/537.36"
::1 - - [17/Jan/2018:11:28:22 +0000] "GET / HTTP/1.1" 200 10 "-" "Mozilla/5.0 (Windows NT 10.0; Win64; x64) AppleWebKit/537.36 (KHTML, like Gecko) Chrome/62.0.3202.94 Safari/537.36"
::1 - - [17/Jan/2018:11:28:22 +0000] "GET /robots.txt HTTP/1.1" 404 5 "-" "Mozilla/5.0 (Windows NT 10.0; Win64; x64) AppleWebKit/537.36 (KHTML, like Gecko) Chrome/62.0.3202.94 Safari/537.36"
::1 - - [14/Feb/2018:08:39:34 +0000] "GET / HTTP/1.1" 200 10 "-" "Mozilla/5.0 (Windows NT 10.0; Win64; x64) AppleWebKit/537.36 (KHTML, like Gecko) Chrome/60.0.3112.78 Safari/537.36"
::1 - - [14/Feb/2018:08:39:34 +0000] "GET /robots.txt HTTP/1.1" 404 5 "-" "Mozilla/5.0 (Windows NT 10.0; Win64; x64) AppleWebKit/537.36 (KHTML, like Gecko) Chrome/60.0.3112.78 Safari/537.36"
::1 - - [14/Feb/2018:08:39:34 +0000] "GET /robots.txt HTTP/1.1" 404 5 "-" "Mozilla/5.0 (Windows NT 10.0; Win64; x64) AppleWebKit/537.36 (KHTML, like Gecko) Chrome/60.0.3112.78 Safari/537.36"
::1 - - [14/Feb/2018:08:39:34 +0000] "GET /robots.txt HTTP/1.1" 404 5 "-" "Mozilla/5.0 (Windows NT 10.0; Win64; x64) AppleWebKit/537.36 (KHTML, like Gecko) Chrome/60.0.3112.78 Safari/537.36"
::1 - - [14/Feb/2018:08:39:34 +0000] "GET /robots.txt HTTP/1.1" 404 5 "-" "Mozilla/5.0 (Windows NT 10.0; Win64; x64) AppleWebKit/537.36 (KHTML, like Gecko) Chrome/60.0.3112.78 Safari/537.36"
::1 - - [14/Feb/2018:08:39:34 +0000] "GET /robots.txt HTTP/1.1" 404 5 "-" "Mozilla/5.0 (Windows NT 10.0; Win64; x64) AppleWebKit/537.36 (KHTML, like Gecko) Chrome/60.0.3112.78 Safari/537.36"
::1 - - [14/Feb/2018:08:39:34 +0000] "GET / HTTP/1.1" 200 10 "-" "Mozilla/5.0 (Windows NT 10.0; Win64; x64) AppleWebKit/537.36 (KHTML, like Gecko) Chrome/60.0.3112.78 Safari/537.36"
::1 - - [14/Feb/2018:08:39:34 +0000] "GET / HTTP/1.1" 200 10 "-" "Mozilla/5.0 (Windows NT 10.0; Win64; x64) AppleWebKit/537.36 (KHTML, like Gecko) Chrome/60.0.3112.78 Safari/537.36"
::1 - - [14/Feb/2018:08:39:34 +0000] "GET / HTTP/1.1" 200 10 "-" "Mozilla/5.0 (Windows NT 10.0; Win64; x64) AppleWebKit/537.36 (KHTML, like Gecko) Chrome/60.0.3112.78 Safari/537.36"
::1 - - [14/Feb/2018:08:39:34 +0000] "GET / HTTP/1.1" 200 10 "-" "Mozilla/5.0 (Windows NT 10.0; Win64; x64) AppleWebKit/537.36 (KHTML, like Gecko) Chrome/60.0.3112.78 Safari/537.36"
::1 - - [14/Feb/2018:08:39:34 +0000] "GET / HTTP/1.1" 200 10 "-" "Mozilla/5.0 (Windows NT 10.0; Win64; x64) AppleWebKit/537.36 (KHTML, like Gecko) Chrome/60.0.3112.78 Safari/537.36"
::1 - - [14/Feb/2018:08:39:34 +0000] "GET / HTTP/1.1" 200 10 "-" "Mozilla/5.0 (Windows NT 10.0; Win64; x64) AppleWebKit/537.36 (KHTML, like Gecko) Chrome/60.0.3112.78 Safari/537.36"
::1 - - [14/Feb/2018:08:39:34 +0000] "GET / HTTP/1.1" 200 10 "-" "Mozilla/5.0 (Windows NT 10.0; Win64; x64) AppleWebKit/537.36 (KHTML, like Gecko) Chrome/60.0.3112.78 Safari/537.36"
::1 - - [14/Feb/2018:08:39:34 +0000] "GET / HTTP/1.1" 200 10 "-" "Mozilla/5.0 (Windows NT 10.0; Win64; x64) AppleWebKit/537.36 (KHTML, like Gecko) Chrome/60.0.3112.78 Safari/537.36"
::1 - - [14/Feb/2018:08:39:34 +0000] "GET /test/ HTTP/1.1" 200 1418 "-" "Mozilla/5.0 (Windows NT 10.0; Win64; x64) AppleWebKit/537.36 (KHTML, like Gecko) Chrome/60.0.3112.78 Safari/537.36"
::1 - - [14/Feb/2018:08:39:34 +0000] "GET /robots.txt HTTP/1.1" 404 5 "-" "Mozilla/5.0 (Windows NT 10.0; Win64; x64) AppleWebKit/537.36 (KHTML, like Gecko) Chrome/60.0.3112.78 Safari/537.36"
::1 - - [14/Feb/2018:08:39:34 +0000] "GET /robots.txt HTTP/1.1" 404 5 "-" "Mozilla/5.0 (Windows NT 10.0; Win64; x64) AppleWebKit/537.36 (KHTML, like Gecko) Chrome/60.0.3112.78 Safari/537.36"
::1 - - [14/Feb/2018:08:39:34 +0000] "GET /robots.txt HTTP/1.1" 404 5 "-" "Mozilla/5.0 (Windows NT 10.0; Win64; x64) AppleWebKit/537.36 (KHTML, like Gecko) Chrome/60.0.3112.78 Safari/537.36"
::1 - - [14/Feb/2018:08:39:34 +0000] "GET /robots.txt HTTP/1.1" 404 5 "-" "Mozilla/5.0 (Windows NT 10.0; Win64; x64) AppleWebKit/537.36 (KHTML, like Gecko) Chrome/60.0.3112.78 Safari/537.36"
::1 - - [14/Feb/2018:08:39:34 +0000] "GET /robots.txt HTTP/1.1" 404 5 "-" "Mozilla/5.0 (Windows NT 10.0; Win64; x64) AppleWebKit/537.36 (KHTML, like Gecko) Chrome/60.0.3112.78 Safari/537.36"
::1 - - [14/Feb/2018:08:40:28 +0000] "GET /test/ HTTP/1.1" 200 1418 "-" "Mozilla/5.0 (Windows NT 10.0; Win64; x64) AppleWebKit/537.36 (KHTML, like Gecko) Chrome/60.0.3112.78 Safari/537.36"
::1 - - [14/Feb/2018:08:40:28 +0000] "GET /favicon-32x32.png HTTP/1.1" 404 5 "http://localhost/test/" "Mozilla/5.0 (Windows NT 10.0; Win64; x64) AppleWebKit/537.36 (KHTML, like Gecko) Chrome/60.0.3112.78 Safari/537.36"
::1 - - [14/Feb/2018:08:40:28 +0000] "GET /test/ HTTP/1.1" 200 1439 "-" "Mozilla/5.0 (Windows NT 10.0; Win64; x64) AppleWebKit/537.36 (KHTML, like Gecko) Chrome/60.0.3112.78 Safari/537.36"
::1 - - [14/Feb/2018:08:40:28 +0000] "GET /favicon-16x16.png HTTP/1.1" 404 5 "http://localhost/test/" "Mozilla/5.0 (Windows NT 10.0; Win64; x64) AppleWebKit/537.36 (KHTML, like Gecko) Chrome/60.0.3112.78 Safari/537.36"
::1 - - [14/Feb/2018:08:40:28 +0000] "GET /favicon-96x96.png HTTP/1.1" 404 5 "http://localhost/test/" "Mozilla/5.0 (Windows NT 10.0; Win64; x64) AppleWebKit/537.36 (KHTML, like Gecko) Chrome/60.0.3112.78 Safari/537.36"
::1 - - [14/Feb/2018:08:40:29 +0000] "GET /favicon-16x16.png HTTP/1.1" 404 5 "http://localhost/test/" "Mozilla/5.0 (Windows NT 10.0; Win64; x64) AppleWebKit/537.36 (KHTML, like Gecko) Chrome/60.0.3112.78 Safari/537.36"
::1 - - [14/Feb/2018:08:40:29 +0000] "GET /favicon-96x96.png HTTP/1.1" 404 5 "http://localhost/test/" "Mozilla/5.0 (Windows NT 10.0; Win64; x64) AppleWebKit/537.36 (KHTML, like Gecko) Chrome/60.0.3112.78 Safari/537.36"
::1 - - [14/Feb/2018:08:40:29 +0000] "GET /android-icon-192x192.png HTTP/1.1" 404 5 "http://localhost/test/" "Mozilla/5.0 (Windows NT 10.0; Win64; x64) AppleWebKit/537.36 (KHTML, like Gecko) Chrome/60.0.3112.78 Safari/537.36"
::1 - - [14/Feb/2018:08:44:42 +0000] "GET /test/ HTTP/1.1" 200 1444 "-" "Mozilla/5.0 (Windows NT 10.0; Win64; x64) AppleWebKit/537.36 (KHTML, like Gecko) Chrome/60.0.3112.78 Safari/537.36"
::1 - - [14/Feb/2018:08:44:42 +0000] "GET /robots.txt HTTP/1.1" 404 5 "-" "Mozilla/5.0 (Windows NT 10.0; Win64; x64) AppleWebKit/537.36 (KHTML, like Gecko) Chrome/60.0.3112.78 Safari/537.36"
::1 - - [14/Feb/2018:08:44:52 +0000] "GET /test/ HTTP/1.1" 200 1446 "-" "Mozilla/5.0 (Windows NT 10.0; Win64; x64) AppleWebKit/537.36 (KHTML, like Gecko) Chrome/60.0.3112.78 Safari/537.36"
::1 - - [14/Feb/2018:08:45:30 +0000] "GET / HTTP/1.1" 200 10 "-" "Mozilla/5.0 (Windows NT 10.0; Win64; x64) AppleWebKit/537.36 (KHTML, like Gecko) Chrome/60.0.3112.78 Safari/537.36"
::1 - - [14/Feb/2018:08:46:03 +0000] "GET /test/ HTTP/1.1" 200 1446 "-" "Mozilla/5.0 (Windows NT 10.0; Win64; x64) AppleWebKit/537.36 (KHTML, like Gecko) Chrome/60.0.3112.78 Safari/537.36"
::1 - - [14/Feb/2018:08:46:59 +0000] "GET /test/ HTTP/1.1" 200 1446 "-" "Mozilla/5.0 (Windows NT 10.0; Win64; x64) AppleWebKit/537.36 (KHTML, like Gecko) Chrome/60.0.3112.78 Safari/537.36"
::1 - - [14/Feb/2018:08:47:02 +0000] "GET / HTTP/1.1" 200 10 "-" "Mozilla/5.0 (Windows NT 10.0; Win64; x64) AppleWebKit/537.36 (KHTML, like Gecko) Chrome/60.0.3112.78 Safari/537.36"
::1 - - [14/Feb/2018:08:47:38 +0000] "GET / HTTP/1.1" 200 10 "-" "Mozilla/5.0 (Windows NT 10.0; Win64; x64) AppleWebKit/537.36 (KHTML, like Gecko) Chrome/60.0.3112.78 Safari/537.36"
::1 - - [14/Feb/2018:08:48:13 +0000] "GET / HTTP/1.1" 200 10 "-" "Mozilla/5.0 (Windows NT 10.0; Win64; x64) AppleWebKit/537.36 (KHTML, like Gecko) Chrome/60.0.3112.78 Safari/537.36"
::1 - - [14/Feb/2018:08:54:30 +0000] "GET / HTTP/1.1" 200 10 "-" "Mozilla/5.0 (Windows NT 10.0; Win64; x64) AppleWebKit/537.36 (KHTML, like Gecko) Chrome/60.0.3112.78 Safari/537.36"
::1 - - [14/Feb/2018:09:01:41 +0000] "GET / HTTP/1.1" 200 10 "-" "Mozilla/5.0 (Windows NT 10.0; Win64; x64) AppleWebKit/537.36 (KHTML, like Gecko) Chrome/60.0.3112.78 Safari/537.36"
::1 - - [14/Feb/2018:09:01:41 +0000] "GET /robots.txt HTTP/1.1" 404 5 "-" "Mozilla/5.0 (Windows NT 10.0; Win64; x64) AppleWebKit/537.36 (KHTML, like Gecko) Chrome/60.0.3112.78 Safari/537.36"
::1 - - [14/Feb/2018:09:01:47 +0000] "GET / HTTP/1.1" 200 10 "-" "Mozilla/5.0 (Windows NT 10.0; Win64; x64) AppleWebKit/537.36 (KHTML, like Gecko) Chrome/60.0.3112.78 Safari/537.36"
::1 - - [14/Feb/2018:09:02:03 +0000] "GET / HTTP/1.1" 200 10 "-" "Mozilla/5.0 (Windows NT 10.0; Win64; x64) AppleWebKit/537.36 (KHTML, like Gecko) Chrome/60.0.3112.78 Safari/537.36"
::1 - - [14/Feb/2018:09:02:12 +0000] "GET / HTTP/1.1" 200 10 "-" "Mozilla/5.0 (Windows NT 10.0; Win64; x64) AppleWebKit/537.36 (KHTML, like Gecko) Chrome/60.0.3112.78 Safari/537.36"
::1 - - [14/Feb/2018:09:02:21 +0000] "GET / HTTP/1.1" 200 10 "-" "Mozilla/5.0 (Windows NT 10.0; Win64; x64) AppleWebKit/537.36 (KHTML, like Gecko) Chrome/60.0.3112.78 Safari/537.36"
::1 - - [14/Feb/2018:09:02:30 +0000] "GET /test/ HTTP/1.1" 200 2428 "-" "Mozilla/5.0 (Windows NT 10.0; Win64; x64) AppleWebKit/537.36 (KHTML, like Gecko) Chrome/60.0.3112.78 Safari/537.36"
::1 - - [14/Feb/2018:09:02:30 +0000] "GET /test/stylesheet/style.css HTTP/1.1" 404 5 "http://localhost/test/" "Mozilla/5.0 (Windows NT 10.0; Win64; x64) AppleWebKit/537.36 (KHTML, like Gecko) Chrome/60.0.3112.78 Safari/537.36"
::1 - - [14/Feb/2018:09:02:44 +0000] "GET /test/ HTTP/1.1" 200 2429 "-" "Mozilla/5.0 (Windows NT 10.0; Win64; x64) AppleWebKit/537.36 (KHTML, like Gecko) Chrome/60.0.3112.78 Safari/537.36"
::1 - - [14/Feb/2018:09:02:44 +0000] "GET /stylesheet/style.css HTTP/1.1" 404 5 "http://localhost/test/" "Mozilla/5.0 (Windows NT 10.0; Win64; x64) AppleWebKit/537.36 (KHTML, like Gecko) Chrome/60.0.3112.78 Safari/537.36"
::1 - - [14/Feb/2018:09:02:50 +0000] "GET /test/ HTTP/1.1" 200 2436 "-" "Mozilla/5.0 (Windows NT 10.0; Win64; x64) AppleWebKit/537.36 (KHTML, like Gecko) Chrome/60.0.3112.78 Safari/537.36"
::1 - - [14/Feb/2018:09:02:50 +0000] "GET /public/stylesheet/style.css HTTP/1.1" 404 5 "http://localhost/test/" "Mozilla/5.0 (Windows NT 10.0; Win64; x64) AppleWebKit/537.36 (KHTML, like Gecko) Chrome/60.0.3112.78 Safari/537.36"
::1 - - [14/Feb/2018:09:03:00 +0000] "GET /public/stylesheet/style.css HTTP/1.1" 404 5 "-" "Mozilla/5.0 (Windows NT 10.0; Win64; x64) AppleWebKit/537.36 (KHTML, like Gecko) Chrome/60.0.3112.78 Safari/537.36"
::1 - - [14/Feb/2018:09:03:20 +0000] "GET /public/stylesheet/style.css HTTP/1.1" 404 5 "-" "Mozilla/5.0 (Windows NT 10.0; Win64; x64) AppleWebKit/537.36 (KHTML, like Gecko) Chrome/60.0.3112.78 Safari/537.36"
::1 - - [14/Feb/2018:09:03:22 +0000] "GET /test/ HTTP/1.1" 200 2435 "-" "Mozilla/5.0 (Windows NT 10.0; Win64; x64) AppleWebKit/537.36 (KHTML, like Gecko) Chrome/60.0.3112.78 Safari/537.36"
::1 - - [14/Feb/2018:09:03:22 +0000] "GET /test/public/stylesheet/style.css HTTP/1.1" 404 5 "http://localhost/test/" "Mozilla/5.0 (Windows NT 10.0; Win64; x64) AppleWebKit/537.36 (KHTML, like Gecko) Chrome/60.0.3112.78 Safari/537.36"
::1 - - [14/Feb/2018:09:06:10 +0000] "GET /test/ HTTP/1.1" 200 2429 "-" "Mozilla/5.0 (Windows NT 10.0; Win64; x64) AppleWebKit/537.36 (KHTML, like Gecko) Chrome/60.0.3112.78 Safari/537.36"
::1 - - [14/Feb/2018:09:06:10 +0000] "GET /public/css/style.css HTTP/1.1" 404 5 "http://localhost/test/" "Mozilla/5.0 (Windows NT 10.0; Win64; x64) AppleWebKit/537.36 (KHTML, like Gecko) Chrome/60.0.3112.78 Safari/537.36"
::1 - - [14/Feb/2018:09:07:26 +0000] "GET /test/ HTTP/1.1" 200 2422 "-" "Mozilla/5.0 (Windows NT 10.0; Win64; x64) AppleWebKit/537.36 (KHTML, like Gecko) Chrome/60.0.3112.78 Safari/537.36"
::1 - - [14/Feb/2018:09:07:56 +0000] "GET /test/ HTTP/1.1" 200 2422 "-" "Mozilla/5.0 (Windows NT 10.0; Win64; x64) AppleWebKit/537.36 (KHTML, like Gecko) Chrome/60.0.3112.78 Safari/537.36"
::1 - - [14/Feb/2018:09:18:17 +0000] "GET /test/ HTTP/1.1" 200 2761 "-" "Mozilla/5.0 (Windows NT 10.0; Win64; x64) AppleWebKit/537.36 (KHTML, like Gecko) Chrome/60.0.3112.78 Safari/537.36"
::1 - - [14/Feb/2018:09:18:17 +0000] "GET /robots.txt HTTP/1.1" 404 5 "-" "Mozilla/5.0 (Windows NT 10.0; Win64; x64) AppleWebKit/537.36 (KHTML, like Gecko) Chrome/60.0.3112.78 Safari/537.36"
::1 - - [14/Feb/2018:09:31:44 +0000] "GET /tasoeur HTTP/1.1" 404 5 "-" "Mozilla/5.0 (Windows NT 10.0; Win64; x64) AppleWebKit/537.36 (KHTML, like Gecko) Chrome/60.0.3112.78 Safari/537.36"
::1 - - [14/Feb/2018:09:31:50 +0000] "GET /test/ HTTP/1.1" 200 2761 "-" "Mozilla/5.0 (Windows NT 10.0; Win64; x64) AppleWebKit/537.36 (KHTML, like Gecko) Chrome/60.0.3112.78 Safari/537.36"
::1 - - [14/Feb/2018:09:31:51 +0000] "GET /tasoeur HTTP/1.1" 404 5 "-" "Mozilla/5.0 (Windows NT 10.0; Win64; x64) AppleWebKit/537.36 (KHTML, like Gecko) Chrome/60.0.3112.78 Safari/537.36"
::1 - - [14/Feb/2018:09:31:53 +0000] "GET /tasoeur/ HTTP/1.1" 404 5 "-" "Mozilla/5.0 (Windows NT 10.0; Win64; x64) AppleWebKit/537.36 (KHTML, like Gecko) Chrome/60.0.3112.78 Safari/537.36"
::1 - - [14/Feb/2018:10:09:15 +0000] "GET /tasoeur/ HTTP/1.1" 404 5 "-" "Mozilla/5.0 (Windows NT 10.0; Win64; x64) AppleWebKit/537.36 (KHTML, like Gecko) Chrome/60.0.3112.78 Safari/537.36"
::1 - - [14/Feb/2018:10:09:24 +0000] "GET /test/ HTTP/1.1" 200 2761 "-" "Mozilla/5.0 (Windows NT 10.0; Win64; x64) AppleWebKit/537.36 (KHTML, like Gecko) Chrome/60.0.3112.78 Safari/537.36"
::1 - - [14/Feb/2018:10:09:24 +0000] "GET /robots.txt HTTP/1.1" 404 5 "-" "Mozilla/5.0 (Windows NT 10.0; Win64; x64) AppleWebKit/537.36 (KHTML, like Gecko) Chrome/60.0.3112.78 Safari/537.36"
::1 - - [14/Feb/2018:10:09:30 +0000] "GET / HTTP/1.1" 200 12 "-" "Mozilla/5.0 (Windows NT 10.0; Win64; x64) AppleWebKit/537.36 (KHTML, like Gecko) Chrome/60.0.3112.78 Safari/537.36"
::1 - - [14/Feb/2018:10:21:39 +0000] "GET / HTTP/1.1" 200 12 "-" "Mozilla/5.0 (Windows NT 10.0; Win64; x64) AppleWebKit/537.36 (KHTML, like Gecko) Chrome/60.0.3112.78 Safari/537.36"
::1 - - [14/Feb/2018:10:21:41 +0000] "GET / HTTP/1.1" 200 12 "-" "Mozilla/5.0 (Windows NT 10.0; Win64; x64) AppleWebKit/537.36 (KHTML, like Gecko) Chrome/60.0.3112.78 Safari/537.36"
::1 - - [14/Feb/2018:10:22:08 +0000] "GET / HTTP/1.1" 200 17 "-" "Mozilla/5.0 (Windows NT 10.0; Win64; x64) AppleWebKit/537.36 (KHTML, like Gecko) Chrome/60.0.3112.78 Safari/537.36"
::1 - - [14/Feb/2018:10:22:31 +0000] "GET / HTTP/1.1" 200 17 "-" "Mozilla/5.0 (Windows NT 10.0; Win64; x64) AppleWebKit/537.36 (KHTML, like Gecko) Chrome/60.0.3112.78 Safari/537.36"
::1 - - [14/Feb/2018:10:22:41 +0000] "GET / HTTP/1.1" 200 17 "-" "Mozilla/5.0 (Windows NT 10.0; Win64; x64) AppleWebKit/537.36 (KHTML, like Gecko) Chrome/60.0.3112.78 Safari/537.36"
::1 - - [14/Feb/2018:10:23:39 +0000] "GET / HTTP/1.1" 200 17 "-" "Mozilla/5.0 (Windows NT 10.0; Win64; x64) AppleWebKit/537.36 (KHTML, like Gecko) Chrome/60.0.3112.78 Safari/537.36"
::1 - - [14/Feb/2018:10:24:12 +0000] "GET / HTTP/1.1" 200 17 "-" "Mozilla/5.0 (Windows NT 10.0; Win64; x64) AppleWebKit/537.36 (KHTML, like Gecko) Chrome/60.0.3112.78 Safari/537.36"
::1 - - [14/Feb/2018:10:24:17 +0000] "GET / HTTP/1.1" 200 17 "-" "Mozilla/5.0 (Windows NT 10.0; Win64; x64) AppleWebKit/537.36 (KHTML, like Gecko) Chrome/60.0.3112.78 Safari/537.36"
::1 - - [14/Feb/2018:10:29:21 +0000] "GET / HTTP/1.1" 200 17 "-" "Mozilla/5.0 (Windows NT 10.0; Win64; x64) AppleWebKit/537.36 (KHTML, like Gecko) Chrome/60.0.3112.78 Safari/537.36"
::1 - - [14/Feb/2018:10:29:45 +0000] "GET / HTTP/1.1" 200 17 "-" "Mozilla/5.0 (Windows NT 10.0; Win64; x64) AppleWebKit/537.36 (KHTML, like Gecko) Chrome/60.0.3112.78 Safari/537.36"
::1 - - [14/Feb/2018:10:29:53 +0000] "GET / HTTP/1.1" 200 17 "-" "Mozilla/5.0 (Windows NT 10.0; Win64; x64) AppleWebKit/537.36 (KHTML, like Gecko) Chrome/60.0.3112.78 Safari/537.36"
::1 - - [14/Feb/2018:10:31:34 +0000] "GET / HTTP/1.1" 200 17 "-" "Mozilla/5.0 (Windows NT 10.0; Win64; x64) AppleWebKit/537.36 (KHTML, like Gecko) Chrome/60.0.3112.78 Safari/537.36"
::1 - - [14/Feb/2018:10:31:34 +0000] "GET /robots.txt HTTP/1.1" 404 5 "-" "Mozilla/5.0 (Windows NT 10.0; Win64; x64) AppleWebKit/537.36 (KHTML, like Gecko) Chrome/60.0.3112.78 Safari/537.36"
::1 - - [14/Feb/2018:10:31:42 +0000] "GET / HTTP/1.1" 200 17 "-" "Mozilla/5.0 (Windows NT 10.0; Win64; x64) AppleWebKit/537.36 (KHTML, like Gecko) Chrome/60.0.3112.78 Safari/537.36"
::1 - - [14/Feb/2018:10:31:51 +0000] "GET / HTTP/1.1" 200 17 "-" "Mozilla/5.0 (Windows NT 10.0; Win64; x64) AppleWebKit/537.36 (KHTML, like Gecko) Chrome/60.0.3112.78 Safari/537.36"
::1 - - [14/Feb/2018:10:32:52 +0000] "GET / HTTP/1.1" 200 17 "-" "Mozilla/5.0 (Windows NT 10.0; Win64; x64) AppleWebKit/537.36 (KHTML, like Gecko) Chrome/60.0.3112.78 Safari/537.36"
::1 - - [14/Feb/2018:10:33:01 +0000] "GET / HTTP/1.1" 200 17 "-" "Mozilla/5.0 (Windows NT 10.0; Win64; x64) AppleWebKit/537.36 (KHTML, like Gecko) Chrome/60.0.3112.78 Safari/537.36"
::1 - - [14/Feb/2018:10:33:16 +0000] "GET / HTTP/1.1" 200 17 "-" "Mozilla/5.0 (Windows NT 10.0; Win64; x64) AppleWebKit/537.36 (KHTML, like Gecko) Chrome/60.0.3112.78 Safari/537.36"
::1 - - [14/Feb/2018:10:33:22 +0000] "GET / HTTP/1.1" 200 17 "-" "Mozilla/5.0 (Windows NT 10.0; Win64; x64) AppleWebKit/537.36 (KHTML, like Gecko) Chrome/60.0.3112.78 Safari/537.36"
::1 - - [14/Feb/2018:10:33:55 +0000] "GET /users/ HTTP/1.1" 200 23 "-" "Mozilla/5.0 (Windows NT 10.0; Win64; x64) AppleWebKit/537.36 (KHTML, like Gecko) Chrome/60.0.3112.78 Safari/537.36"
::1 - - [14/Feb/2018:10:34:17 +0000] "GET /users/ HTTP/1.1" 200 23 "-" "Mozilla/5.0 (Windows NT 10.0; Win64; x64) AppleWebKit/537.36 (KHTML, like Gecko) Chrome/60.0.3112.78 Safari/537.36"
::1 - - [14/Feb/2018:10:34:21 +0000] "GET / HTTP/1.1" 200 17 "-" "Mozilla/5.0 (Windows NT 10.0; Win64; x64) AppleWebKit/537.36 (KHTML, like Gecko) Chrome/60.0.3112.78 Safari/537.36"
::1 - - [14/Feb/2018:10:34:42 +0000] "GET / HTTP/1.1" 200 17 "-" "Mozilla/5.0 (Windows NT 10.0; Win64; x64) AppleWebKit/537.36 (KHTML, like Gecko) Chrome/60.0.3112.78 Safari/537.36"
::1 - - [14/Feb/2018:10:35:22 +0000] "GET / HTTP/1.1" 200 17 "-" "Mozilla/5.0 (Windows NT 10.0; Win64; x64) AppleWebKit/537.36 (KHTML, like Gecko) Chrome/60.0.3112.78 Safari/537.36"
::1 - - [14/Feb/2018:10:38:08 +0000] "GET / HTTP/1.1" - - "-" "Mozilla/5.0 (Windows NT 10.0; Win64; x64) AppleWebKit/537.36 (KHTML, like Gecko) Chrome/60.0.3112.78 Safari/537.36"
::1 - - [14/Feb/2018:10:38:25 +0000] "GET / HTTP/1.1" 200 9 "-" "Mozilla/5.0 (Windows NT 10.0; Win64; x64) AppleWebKit/537.36 (KHTML, like Gecko) Chrome/60.0.3112.78 Safari/537.36"
::1 - - [14/Feb/2018:10:38:41 +0000] "GET / HTTP/1.1" 200 9 "-" "Mozilla/5.0 (Windows NT 10.0; Win64; x64) AppleWebKit/537.36 (KHTML, like Gecko) Chrome/60.0.3112.78 Safari/537.36"
::1 - - [14/Feb/2018:10:49:16 +0000] "GET / HTTP/1.1" 200 14 "-" "Mozilla/5.0 (Windows NT 10.0; Win64; x64) AppleWebKit/537.36 (KHTML, like Gecko) Chrome/60.0.3112.78 Safari/537.36"
::1 - - [14/Feb/2018:10:49:23 +0000] "GET / HTTP/1.1" 200 14 "-" "Mozilla/5.0 (Windows NT 10.0; Win64; x64) AppleWebKit/537.36 (KHTML, like Gecko) Chrome/60.0.3112.78 Safari/537.36"
::1 - - [14/Feb/2018:10:50:37 +0000] "GET / HTTP/1.1" 200 19 "-" "Mozilla/5.0 (Windows NT 10.0; Win64; x64) AppleWebKit/537.36 (KHTML, like Gecko) Chrome/60.0.3112.78 Safari/537.36"
::1 - - [14/Feb/2018:10:50:43 +0000] "GET / HTTP/1.1" 200 19 "-" "Mozilla/5.0 (Windows NT 10.0; Win64; x64) AppleWebKit/537.36 (KHTML, like Gecko) Chrome/60.0.3112.78 Safari/537.36"
::1 - - [14/Feb/2018:10:50:43 +0000] "GET /robots.txt HTTP/1.1" 404 5 "-" "Mozilla/5.0 (Windows NT 10.0; Win64; x64) AppleWebKit/537.36 (KHTML, like Gecko) Chrome/60.0.3112.78 Safari/537.36"
::1 - - [14/Feb/2018:10:51:02 +0000] "GET / HTTP/1.1" 200 19 "-" "Mozilla/5.0 (Windows NT 10.0; Win64; x64) AppleWebKit/537.36 (KHTML, like Gecko) Chrome/60.0.3112.78 Safari/537.36"
::1 - - [14/Feb/2018:10:52:54 +0000] "GET / HTTP/1.1" 200 19 "-" "Mozilla/5.0 (Windows NT 10.0; Win64; x64) AppleWebKit/537.36 (KHTML, like Gecko) Chrome/60.0.3112.78 Safari/537.36"
::1 - - [14/Feb/2018:10:52:55 +0000] "GET / HTTP/1.1" 200 19 "-" "Mozilla/5.0 (Windows NT 10.0; Win64; x64) AppleWebKit/537.36 (KHTML, like Gecko) Chrome/60.0.3112.78 Safari/537.36"
::1 - - [14/Feb/2018:10:52:56 +0000] "GET / HTTP/1.1" 200 19 "-" "Mozilla/5.0 (Windows NT 10.0; Win64; x64) AppleWebKit/537.36 (KHTML, like Gecko) Chrome/60.0.3112.78 Safari/537.36"
::1 - - [14/Feb/2018:10:53:04 +0000] "GET / HTTP/1.1" 200 19 "-" "Mozilla/5.0 (Windows NT 10.0; Win64; x64) AppleWebKit/537.36 (KHTML, like Gecko) Chrome/60.0.3112.78 Safari/537.36"
::1 - - [14/Feb/2018:10:53:23 +0000] "GET / HTTP/1.1" 200 17 "-" "Mozilla/5.0 (Windows NT 10.0; Win64; x64) AppleWebKit/537.36 (KHTML, like Gecko) Chrome/60.0.3112.78 Safari/537.36"
::ffff:127.0.0.1 - - [14/Feb/2018:10:53:33 +0000] "GET / HTTP/1.1" 200 22 "-" "Mozilla/5.0 (Windows NT 10.0; Win64; x64) AppleWebKit/537.36 (KHTML, like Gecko) Chrome/60.0.3112.78 Safari/537.36"
::1 - - [14/Feb/2018:10:56:38 +0000] "GET / HTTP/1.1" 200 22 "-" "Mozilla/5.0 (Windows NT 10.0; Win64; x64) AppleWebKit/537.36 (KHTML, like Gecko) Chrome/60.0.3112.78 Safari/537.36"
::1 - - [14/Feb/2018:10:56:47 +0000] "GET / HTTP/1.1" 200 27 "-" "Mozilla/5.0 (Windows NT 10.0; Win64; x64) AppleWebKit/537.36 (KHTML, like Gecko) Chrome/60.0.3112.78 Safari/537.36"
::1 - - [14/Feb/2018:10:58:04 +0000] "GET / HTTP/1.1" 200 27 "-" "Mozilla/5.0 (Windows NT 10.0; Win64; x64) AppleWebKit/537.36 (KHTML, like Gecko) Chrome/60.0.3112.78 Safari/537.36"
::1 - - [14/Feb/2018:11:00:00 +0000] "GET /test/ HTTP/1.1" 200 2766 "-" "Mozilla/5.0 (Windows NT 10.0; Win64; x64) AppleWebKit/537.36 (KHTML, like Gecko) Chrome/60.0.3112.78 Safari/537.36"
::1 - - [14/Feb/2018:11:00:40 +0000] "GET /test/ HTTP/1.1" 200 2766 "-" "Mozilla/5.0 (Windows NT 10.0; Win64; x64) AppleWebKit/537.36 (KHTML, like Gecko) Chrome/60.0.3112.78 Safari/537.36"
::1 - - [14/Feb/2018:11:00:46 +0000] "GET / HTTP/1.1" 200 27 "-" "Mozilla/5.0 (Windows NT 10.0; Win64; x64) AppleWebKit/537.36 (KHTML, like Gecko) Chrome/60.0.3112.78 Safari/537.36"
::1 - - [14/Feb/2018:11:00:52 +0000] "GET / HTTP/1.1" 200 24 "-" "Mozilla/5.0 (Windows NT 10.0; Win64; x64) AppleWebKit/537.36 (KHTML, like Gecko) Chrome/60.0.3112.78 Safari/537.36"
::1 - - [14/Feb/2018:11:01:08 +0000] "GET / HTTP/1.1" 200 24 "-" "Mozilla/5.0 (Windows NT 10.0; Win64; x64) AppleWebKit/537.36 (KHTML, like Gecko) Chrome/60.0.3112.78 Safari/537.36"
::1 - - [14/Feb/2018:11:01:19 +0000] "GET / HTTP/1.1" 200 2748 "-" "Mozilla/5.0 (Windows NT 10.0; Win64; x64) AppleWebKit/537.36 (KHTML, like Gecko) Chrome/60.0.3112.78 Safari/537.36"
::1 - - [14/Feb/2018:11:01:50 +0000] "GET /test/ HTTP/1.1" 200 2766 "-" "Mozilla/5.0 (Windows NT 10.0; Win64; x64) AppleWebKit/537.36 (KHTML, like Gecko) Chrome/60.0.3112.78 Safari/537.36"
::1 - - [14/Feb/2018:11:01:55 +0000] "GET /users/ HTTP/1.1" 200 23 "-" "Mozilla/5.0 (Windows NT 10.0; Win64; x64) AppleWebKit/537.36 (KHTML, like Gecko) Chrome/60.0.3112.78 Safari/537.36"
::1 - - [14/Feb/2018:11:01:59 +0000] "GET /tesjkgdfj HTTP/1.1" 404 5 "-" "Mozilla/5.0 (Windows NT 10.0; Win64; x64) AppleWebKit/537.36 (KHTML, like Gecko) Chrome/60.0.3112.78 Safari/537.36"
::1 - - [14/Feb/2018:11:02:01 +0000] "GET /tesjkgdfj/ HTTP/1.1" 404 5 "-" "Mozilla/5.0 (Windows NT 10.0; Win64; x64) AppleWebKit/537.36 (KHTML, like Gecko) Chrome/60.0.3112.78 Safari/537.36"
::1 - - [14/Feb/2018:11:02:01 +0000] "GET /robots.txt HTTP/1.1" 404 5 "-" "Mozilla/5.0 (Windows NT 10.0; Win64; x64) AppleWebKit/537.36 (KHTML, like Gecko) Chrome/60.0.3112.78 Safari/537.36"
::1 - - [14/Feb/2018:11:02:04 +0000] "GET / HTTP/1.1" 200 2748 "-" "Mozilla/5.0 (Windows NT 10.0; Win64; x64) AppleWebKit/537.36 (KHTML, like Gecko) Chrome/60.0.3112.78 Safari/537.36"
::1 - - [14/Feb/2018:11:05:52 +0000] "GET / HTTP/1.1" 200 2429 "-" "Mozilla/5.0 (Windows NT 10.0; Win64; x64) AppleWebKit/537.36 (KHTML, like Gecko) Chrome/60.0.3112.78 Safari/537.36"
::1 - - [14/Feb/2018:11:06:12 +0000] "GET / HTTP/1.1" 200 2429 "-" "Mozilla/5.0 (Windows NT 10.0; Win64; x64) AppleWebKit/537.36 (KHTML, like Gecko) Chrome/60.0.3112.78 Safari/537.36"
::1 - - [14/Feb/2018:12:52:00 +0000] "GET / HTTP/1.1" 200 2429 "-" "Mozilla/5.0 (Windows NT 10.0; Win64; x64) AppleWebKit/537.36 (KHTML, like Gecko) Chrome/60.0.3112.78 Safari/537.36"
::1 - - [14/Feb/2018:12:52:09 +0000] "GET / HTTP/1.1" 200 2429 "-" "Mozilla/5.0 (Windows NT 10.0; Win64; x64) AppleWebKit/537.36 (KHTML, like Gecko) Chrome/60.0.3112.78 Safari/537.36"
::1 - - [14/Feb/2018:12:55:00 +0000] "GET / HTTP/1.1" 200 2429 "-" "Mozilla/5.0 (Windows NT 10.0; Win64; x64) AppleWebKit/537.36 (KHTML, like Gecko) Chrome/60.0.3112.78 Safari/537.36"
::1 - - [14/Feb/2018:12:56:29 +0000] "GET / HTTP/1.1" 200 2466 "-" "Mozilla/5.0 (Windows NT 10.0; Win64; x64) AppleWebKit/537.36 (KHTML, like Gecko) Chrome/60.0.3112.78 Safari/537.36"
::1 - - [14/Feb/2018:12:59:26 +0000] "GET / HTTP/1.1" 200 2429 "-" "Mozilla/5.0 (Windows NT 10.0; Win64; x64) AppleWebKit/537.36 (KHTML, like Gecko) Chrome/60.0.3112.78 Safari/537.36"
::1 - - [14/Feb/2018:13:02:06 +0000] "GET / HTTP/1.1" 200 2425 "-" "Mozilla/5.0 (Windows NT 10.0; Win64; x64) AppleWebKit/537.36 (KHTML, like Gecko) Chrome/60.0.3112.78 Safari/537.36"
::1 - - [14/Feb/2018:13:02:19 +0000] "GET / HTTP/1.1" 200 2430 "-" "Mozilla/5.0 (Windows NT 10.0; Win64; x64) AppleWebKit/537.36 (KHTML, like Gecko) Chrome/60.0.3112.78 Safari/537.36"
::1 - - [14/Feb/2018:13:04:09 +0000] "GET / HTTP/1.1" 200 2496 "-" "Mozilla/5.0 (Windows NT 10.0; Win64; x64) AppleWebKit/537.36 (KHTML, like Gecko) Chrome/60.0.3112.78 Safari/537.36"
::1 - - [14/Feb/2018:13:04:09 +0000] "GET /robots.txt HTTP/1.1" 404 5 "-" "Mozilla/5.0 (Windows NT 10.0; Win64; x64) AppleWebKit/537.36 (KHTML, like Gecko) Chrome/60.0.3112.78 Safari/537.36"
::1 - - [14/Feb/2018:13:06:07 +0000] "GET / HTTP/1.1" 200 2811 "-" "Mozilla/5.0 (Windows NT 10.0; Win64; x64) AppleWebKit/537.36 (KHTML, like Gecko) Chrome/60.0.3112.78 Safari/537.36"
::1 - - [14/Feb/2018:14:32:18 +0000] "GET / HTTP/1.1" 500 5 "-" "Mozilla/5.0 (Windows NT 10.0; Win64; x64) AppleWebKit/537.36 (KHTML, like Gecko) Chrome/60.0.3112.78 Safari/537.36"
::1 - - [14/Feb/2018:14:32:18 +0000] "GET /robots.txt HTTP/1.1" 404 5 "-" "Mozilla/5.0 (Windows NT 10.0; Win64; x64) AppleWebKit/537.36 (KHTML, like Gecko) Chrome/60.0.3112.78 Safari/537.36"
::1 - - [14/Feb/2018:14:32:44 +0000] "GET / HTTP/1.1" 200 2811 "-" "Mozilla/5.0 (Windows NT 10.0; Win64; x64) AppleWebKit/537.36 (KHTML, like Gecko) Chrome/60.0.3112.78 Safari/537.36"
